<?xml version="1.0" encoding="UTF-8"?>
<testsuite xmlns:xsi="http://www.w3.org/2001/XMLSchema-instance" xsi:noNamespaceSchemaLocation="https://maven.apache.org/surefire/maven-surefire-plugin/xsd/surefire-test-report-3.0.xsd" version="3.0" name="tn.esprit.rh.achat.services.CategorieProduitServiceImplTest" time="21.751" tests="4" errors="0" skipped="0" failures="0">
  <properties>
[...]
</properties>
  <testcase name="testAddCategorieProduit" classname="tn.esprit.rh.achat.services.CategorieProduitServiceImplTest" time="0.477">
    <system-out><![CDATA[19:47:26.650 [main] DEBUG org.springframework.test.context.BootstrapUtils - Instantiating CacheAwareContextLoaderDelegate from class [org.springframework.test.context.cache.DefaultCacheAwareContextLoaderDelegate]
19:47:26.719 [main] DEBUG org.springframework.test.context.BootstrapUtils - Instantiating BootstrapContext using constructor [public org.springframework.test.context.support.DefaultBootstrapContext(java.lang.Class,org.springframework.test.context.CacheAwareContextLoaderDelegate)]
19:47:27.123 [main] DEBUG org.springframework.test.context.BootstrapUtils - Instantiating TestContextBootstrapper for test class [tn.esprit.rh.achat.services.CategorieProduitServiceImplTest] from class [org.springframework.boot.test.context.SpringBootTestContextBootstrapper]
19:47:27.173 [main] INFO org.springframework.boot.test.context.SpringBootTestContextBootstrapper - Neither @ContextConfiguration nor @ContextHierarchy found for test class [tn.esprit.rh.achat.services.CategorieProduitServiceImplTest], using SpringBootContextLoader
19:47:27.197 [main] DEBUG org.springframework.test.context.support.AbstractContextLoader - Did not detect default resource location for test class [tn.esprit.rh.achat.services.CategorieProduitServiceImplTest]: class path resource [tn/esprit/rh/achat/services/CategorieProduitServiceImplTest-context.xml] does not exist
19:47:27.198 [main] DEBUG org.springframework.test.context.support.AbstractContextLoader - Did not detect default resource location for test class [tn.esprit.rh.achat.services.CategorieProduitServiceImplTest]: class path resource [tn/esprit/rh/achat/services/CategorieProduitServiceImplTestContext.groovy] does not exist
19:47:27.198 [main] INFO org.springframework.test.context.support.AbstractContextLoader - Could not detect default resource locations for test class [tn.esprit.rh.achat.services.CategorieProduitServiceImplTest]: no resource found for suffixes {-context.xml, Context.groovy}.
19:47:27.201 [main] INFO org.springframework.test.context.support.AnnotationConfigContextLoaderUtils - Could not detect default configuration classes for test class [tn.esprit.rh.achat.services.CategorieProduitServiceImplTest]: CategorieProduitServiceImplTest does not declare any static, non-private, non-final, nested classes annotated with @Configuration.
19:47:27.393 [main] DEBUG org.springframework.test.context.support.ActiveProfilesUtils - Could not find an 'annotation declaring class' for annotation type [org.springframework.test.context.ActiveProfiles] and class [tn.esprit.rh.achat.services.CategorieProduitServiceImplTest]
19:47:27.720 [main] DEBUG org.springframework.context.annotation.ClassPathScanningCandidateComponentProvider - Identified candidate component class: file [C:\Users\azizk\OneDrive\Documents\GitHub\achat\target\classes\tn\esprit\rh\achat\AchatApplication.class]
19:47:27.723 [main] INFO org.springframework.boot.test.context.SpringBootTestContextBootstrapper - Found @SpringBootConfiguration tn.esprit.rh.achat.AchatApplication for test class tn.esprit.rh.achat.services.CategorieProduitServiceImplTest
19:47:28.198 [main] DEBUG org.springframework.boot.test.context.SpringBootTestContextBootstrapper - @TestExecutionListeners is not present for class [tn.esprit.rh.achat.services.CategorieProduitServiceImplTest]: using defaults.
19:47:28.201 [main] INFO org.springframework.boot.test.context.SpringBootTestContextBootstrapper - Loaded default TestExecutionListener class names from location [META-INF/spring.factories]: [org.springframework.boot.test.autoconfigure.restdocs.RestDocsTestExecutionListener, org.springframework.boot.test.autoconfigure.web.client.MockRestServiceServerResetTestExecutionListener, org.springframework.boot.test.autoconfigure.web.servlet.MockMvcPrintOnlyOnFailureTestExecutionListener, org.springframework.boot.test.autoconfigure.web.servlet.WebDriverTestExecutionListener, org.springframework.boot.test.autoconfigure.webservices.client.MockWebServiceServerTestExecutionListener, org.springframework.test.context.web.ServletTestExecutionListener, org.springframework.test.context.support.DirtiesContextBeforeModesTestExecutionListener, org.springframework.test.context.event.ApplicationEventsTestExecutionListener, org.springframework.test.context.support.DependencyInjectionTestExecutionListener, org.springframework.test.context.support.DirtiesContextTestExecutionListener, org.springframework.test.context.transaction.TransactionalTestExecutionListener, org.springframework.test.context.jdbc.SqlScriptsTestExecutionListener, org.springframework.test.context.event.EventPublishingTestExecutionListener, org.springframework.boot.test.mock.mockito.MockitoTestExecutionListener, org.springframework.boot.test.mock.mockito.ResetMocksTestExecutionListener]
19:47:28.333 [main] INFO org.springframework.boot.test.context.SpringBootTestContextBootstrapper - Using TestExecutionListeners: [org.springframework.test.context.web.ServletTestExecutionListener@8f2098e, org.springframework.test.context.support.DirtiesContextBeforeModesTestExecutionListener@6c6366cf, org.springframework.test.context.event.ApplicationEventsTestExecutionListener@55a88417, org.springframework.boot.test.mock.mockito.MockitoTestExecutionListener@18acfe88, org.springframework.boot.test.autoconfigure.SpringBootDependencyInjectionTestExecutionListener@8a2a6a, org.springframework.test.context.support.DirtiesContextTestExecutionListener@772861aa, org.springframework.test.context.transaction.TransactionalTestExecutionListener@6631cb64, org.springframework.test.context.jdbc.SqlScriptsTestExecutionListener@19962194, org.springframework.test.context.event.EventPublishingTestExecutionListener@481e91b6, org.springframework.boot.test.autoconfigure.restdocs.RestDocsTestExecutionListener@7c8f9c2e, org.springframework.boot.test.autoconfigure.web.client.MockRestServiceServerResetTestExecutionListener@140d1230, org.springframework.boot.test.autoconfigure.web.servlet.MockMvcPrintOnlyOnFailureTestExecutionListener@3cbf1ba4, org.springframework.boot.test.autoconfigure.web.servlet.WebDriverTestExecutionListener@10bea4, org.springframework.boot.test.autoconfigure.webservices.client.MockWebServiceServerTestExecutionListener@7e2c64, org.springframework.boot.test.mock.mockito.ResetMocksTestExecutionListener@7c1e32c9]
19:47:28.348 [main] DEBUG org.springframework.test.context.support.AbstractDirtiesContextTestExecutionListener - Before test class: context [DefaultTestContext@692e028d testClass = CategorieProduitServiceImplTest, testInstance = [null], testMethod = [null], testException = [null], mergedContextConfiguration = [WebMergedContextConfiguration@6629ad09 testClass = CategorieProduitServiceImplTest, locations = '{}', classes = '{class tn.esprit.rh.achat.AchatApplication}', contextInitializerClasses = '[]', activeProfiles = '{}', propertySourceLocations = '{}', propertySourceProperties = '{org.springframework.boot.test.context.SpringBootTestContextBootstrapper=true}', contextCustomizers = set[org.springframework.boot.test.autoconfigure.actuate.metrics.MetricsExportContextCustomizerFactory$DisableMetricExportContextCustomizer@3b718392, org.springframework.boot.test.autoconfigure.properties.PropertyMappingContextCustomizer@0, org.springframework.boot.test.autoconfigure.web.servlet.WebDriverContextCustomizerFactory$Customizer@4c432866, org.springframework.boot.test.context.filter.ExcludeFilterContextCustomizer@22175d4f, org.springframework.boot.test.json.DuplicateJsonObjectContextCustomizerFactory$DuplicateJsonObjectContextCustomizer@236ab296, org.springframework.boot.test.mock.mockito.MockitoContextCustomizer@0, org.springframework.boot.test.web.client.TestRestTemplateContextCustomizer@328572f0, org.springframework.boot.test.context.SpringBootTestArgs@1, org.springframework.boot.test.context.SpringBootTestWebEnvironment@2dc54ad4], resourceBasePath = 'src/main/webapp', contextLoader = 'org.springframework.boot.test.context.SpringBootContextLoader', parent = [null]], attributes = map['org.springframework.test.context.web.ServletTestExecutionListener.activateListener' -> true]], class annotated with @DirtiesContext [false] with mode [null].
19:47:28.501 [main] DEBUG org.springframework.test.context.support.TestPropertySourceUtils - Adding inlined properties to environment: {spring.jmx.enabled=false, org.springframework.boot.test.context.SpringBootTestContextBootstrapper=true}

  .   ____          _            __ _ _
 /\\ / ___'_ __ _ _(_)_ __  __ _ \ \ \ \
( ( )\___ | '_ | '_| | '_ \/ _` | \ \ \ \
 \\/  ___)| |_)| | | | | || (_| |  ) ) ) )
  '  |____| .__|_| |_|_| |_\__, | / / / /
 =========|_|==============|___/=/_/_/_/
 :: Spring Boot ::                (v2.5.3)

2024-06-25 19:47:29 - INFO  - tn.esprit.rh.achat.services.CategorieProduitServiceImplTest - Starting CategorieProduitServiceImplTest using Java 17.0.10 on AZIZLAPTOP with PID 1444 (started by azizk in C:\Users\azizk\OneDrive\Documents\GitHub\achat)
2024-06-25 19:47:29 - INFO  - tn.esprit.rh.achat.services.CategorieProduitServiceImplTest - No active profile set, falling back to default profiles: default
2024-06-25 19:47:33 - INFO  - o.s.data.repository.config.RepositoryConfigurationDelegate - Bootstrapping Spring Data JPA repositories in DEFAULT mode.
2024-06-25 19:47:33 - INFO  - o.s.data.repository.config.RepositoryConfigurationDelegate - Finished Spring Data repository scanning in 225 ms. Found 10 JPA repository interfaces.
2024-06-25 19:47:35 - INFO  - org.hibernate.jpa.internal.util.LogHelper - HHH000204: Processing PersistenceUnitInfo [name: default]
2024-06-25 19:47:36 - INFO  - org.hibernate.Version - HHH000412: Hibernate ORM core version 5.4.32.Final
2024-06-25 19:47:36 - INFO  - org.hibernate.annotations.common.Version - HCANN000001: Hibernate Commons Annotations {5.1.2.Final}
2024-06-25 19:47:37 - INFO  - com.zaxxer.hikari.HikariDataSource - HikariPool-1 - Starting...
2024-06-25 19:47:37 - INFO  - com.zaxxer.hikari.HikariDataSource - HikariPool-1 - Start completed.
2024-06-25 19:47:37 - INFO  - org.hibernate.dialect.Dialect - HHH000400: Using dialect: org.hibernate.dialect.MySQL5InnoDBDialect
2024-06-25 19:47:40 - INFO  - o.h.e.transaction.jta.platform.internal.JtaPlatformInitiator - HHH000490: Using JtaPlatform implementation: [org.hibernate.engine.transaction.jta.platform.internal.NoJtaPlatform]
2024-06-25 19:47:40 - INFO  - o.s.orm.jpa.LocalContainerEntityManagerFactoryBean - Initialized JPA EntityManagerFactory for persistence unit 'default'
2024-06-25 19:47:43 - WARN  - o.s.b.a.orm.jpa.JpaBaseConfiguration$JpaWebConfiguration - spring.jpa.open-in-view is enabled by default. Therefore, database queries may be performed during view rendering. Explicitly configure spring.jpa.open-in-view to disable this warning
2024-06-25 19:47:44 - INFO  - o.s.boot.actuate.endpoint.web.EndpointLinksResolver - Exposing 14 endpoint(s) beneath base path '/actuator'
2024-06-25 19:47:46 - INFO  - tn.esprit.rh.achat.services.CategorieProduitServiceImplTest - Started CategorieProduitServiceImplTest in 18.259 seconds (JVM running for 23.122)
Hibernate: insert into categorie_produit (code_categorie, libelle_categorie) values (?, ?)
Hibernate: select categoriep0_.id_categorie_produit as id_categ1_0_0_, categoriep0_.code_categorie as code_cat2_0_0_, categoriep0_.libelle_categorie as libelle_3_0_0_ from categorie_produit categoriep0_ where categoriep0_.id_categorie_produit=?
]]></system-out>
  </testcase>
  <testcase name="testRetrieveCategorieProduit_NotFound" classname="tn.esprit.rh.achat.services.CategorieProduitServiceImplTest" time="0.073"/>
  <testcase name="testDeleteCategorieProduit" classname="tn.esprit.rh.achat.services.CategorieProduitServiceImplTest" time="0.025"/>
  <testcase name="testUpdateCategorieProduit" classname="tn.esprit.rh.achat.services.CategorieProduitServiceImplTest" time="0.013"/>
</testsuite>